./resources/filler_vm -f ./resources/maps/map00 -p2 ./resources/players/abanlin.filler -p1 ./pee.filler
# -------------- VM  version 1.1 ------------- #
#                                              #
# 42 / filler VM Developped by: Hcao - Abanlin #
#                                              #
# -------------------------------------------- #
launched ./pee.filler
$$$ exec p1 : [./pee.filler]
launched ./resources/players/abanlin.filler
$$$ exec p2 : [./resources/players/abanlin.filler]
Plateau 15 17:
    01234567890123456
000 .................
001 .................
002 .................
003 .................
004 .................
005 .................
006 .................
007 .................
008 ..O..............
009 .................
010 .................
011 .................
012 ..............X..
013 .................
014 .................
Piece 2 1:
*
*
<got (O): [8, 2]
Plateau 15 17:
    01234567890123456
000 .................
001 .................
002 .................
003 .................
004 .................
005 .................
006 .................
007 .................
008 ..o..............
009 ..o..............
010 .................
011 .................
012 ..............X..
013 .................
014 .................
Piece 2 3:
***
.**
<got (X): [11, 12]
Plateau 15 17:
    01234567890123456
000 .................
001 .................
002 .................
003 .................
004 .................
005 .................
006 .................
007 .................
008 ..O..............
009 ..O..............
010 .................
011 ............xxx..
012 .............xx..
013 .................
014 .................
Piece 1 3:
.**
<got (X): [11, 10]
Plateau 15 17:
    01234567890123456
000 .................
001 .................
002 .................
003 .................
004 .................
005 .................
006 .................
007 .................
008 ..O..............
009 ..O..............
010 .................
011 ...........xxXX..
012 .............XX..
013 .................
014 .................
Piece 1 2:
**
<got (X): [11, 10]
Plateau 15 17:
    01234567890123456
000 .................
001 .................
002 .................
003 .................
004 .................
005 .................
006 .................
007 .................
008 ..O..............
009 ..O..............
010 .................
011 ..........xxXXX..
012 .............XX..
013 .................
014 .................
Piece 2 3:
.**
...
<got (X): [11, 8]
Plateau 15 17:
    01234567890123456
000 .................
001 .................
002 .................
003 .................
004 .................
005 .................
006 .................
007 .................
008 ..O..............
009 ..O..............
010 .................
011 .........xxXXXX..
012 .............XX..
013 .................
014 .................
Piece 2 1:
*
*
<got (X): [10, 9]
Plateau 15 17:
    01234567890123456
000 .................
001 .................
002 .................
003 .................
004 .................
005 .................
006 .................
007 .................
008 ..O..............
009 ..O..............
010 .........x.......
011 .........xXXXXX..
012 .............XX..
013 .................
014 .................
Piece 2 1:
*
*
<got (X): [9, 9]
Plateau 15 17:
    01234567890123456
000 .................
001 .................
002 .................
003 .................
004 .................
005 .................
006 .................
007 .................
008 ..O..............
009 ..O......x.......
010 .........x.......
011 .........XXXXXX..
012 .............XX..
013 .................
014 .................
Piece 1 2:
**
<got (X): [9, 8]
Plateau 15 17:
    01234567890123456
000 .................
001 .................
002 .................
003 .................
004 .................
005 .................
006 .................
007 .................
008 ..O..............
009 ..O.....xx.......
010 .........X.......
011 .........XXXXXX..
012 .............XX..
013 .................
014 .................
Piece 2 2:
.*
.*
<got (X): [8, 7]
Plateau 15 17:
    01234567890123456
000 .................
001 .................
002 .................
003 .................
004 .................
005 .................
006 .................
007 .................
008 ..O.....x........
009 ..O.....xX.......
010 .........X.......
011 .........XXXXXX..
012 .............XX..
013 .................
014 .................
Piece 1 2:
**
<got (X): [8, 7]
Plateau 15 17:
    01234567890123456
000 .................
001 .................
002 .................
003 .................
004 .................
005 .................
006 .................
007 .................
008 ..O....xx........
009 ..O.....XX.......
010 .........X.......
011 .........XXXXXX..
012 .............XX..
013 .................
014 .................
Piece 2 1:
*
*
<got (X): [7, 7]
Plateau 15 17:
    01234567890123456
000 .................
001 .................
002 .................
003 .................
004 .................
005 .................
006 .................
007 .......x.........
008 ..O....xX........
009 ..O.....XX.......
010 .........X.......
011 .........XXXXXX..
012 .............XX..
013 .................
014 .................
Piece 1 2:
**
<got (X): [7, 6]
Plateau 15 17:
    01234567890123456
000 .................
001 .................
002 .................
003 .................
004 .................
005 .................
006 .................
007 ......xx.........
008 ..O....XX........
009 ..O.....XX.......
010 .........X.......
011 .........XXXXXX..
012 .............XX..
013 .................
014 .................
Piece 1 3:
.**
<got (X): [7, 4]
Plateau 15 17:
    01234567890123456
000 .................
001 .................
002 .................
003 .................
004 .................
005 .................
006 .................
007 .....xxX.........
008 ..O....XX........
009 ..O.....XX.......
010 .........X.......
011 .........XXXXXX..
012 .............XX..
013 .................
014 .................
Piece 2 3:
...
**.
<got (X): [6, 4]
Plateau 15 17:
    01234567890123456
000 .................
001 .................
002 .................
003 .................
004 .................
005 .................
006 .................
007 ....xxXX.........
008 ..O....XX........
009 ..O.....XX.......
010 .........X.......
011 .........XXXXXX..
012 .............XX..
013 .................
014 .................
Piece 2 2:
*.
*.
<got (X): [6, 4]
Plateau 15 17:
    01234567890123456
000 .................
001 .................
002 .................
003 .................
004 .................
005 .................
006 ....x............
007 ....xXXX.........
008 ..O....XX........
009 ..O.....XX.......
010 .........X.......
011 .........XXXXXX..
012 .............XX..
013 .................
014 .................
Piece 1 3:
.**
<got (X): [6, 2]
Plateau 15 17:
    01234567890123456
000 .................
001 .................
002 .................
003 .................
004 .................
005 .................
006 ...xx............
007 ....XXXX.........
008 ..O....XX........
009 ..O.....XX.......
010 .........X.......
011 .........XXXXXX..
012 .............XX..
013 .................
014 .................
Piece 2 2:
.*
**
<got (X): [5, 2]
Plateau 15 17:
    01234567890123456
000 .................
001 .................
002 .................
003 .................
004 .................
005 ...x.............
006 ..xxX............
007 ....XXXX.........
008 ..O....XX........
009 ..O.....XX.......
010 .........X.......
011 .........XXXXXX..
012 .............XX..
013 .................
014 .................
Piece 2 3:
.**
...
<got (X): [5, 1]
Plateau 15 17:
    01234567890123456
000 .................
001 .................
002 .................
003 .................
004 .................
005 ..xx.............
006 ..XXX............
007 ....XXXX.........
008 ..O....XX........
009 ..O.....XX.......
010 .........X.......
011 .........XXXXXX..
012 .............XX..
013 .................
014 .................
Piece 2 3:
.**
.**
<got (X): [4, 0]
Plateau 15 17:
    01234567890123456
000 .................
001 .................
002 .................
003 .................
004 .xx..............
005 .xxX.............
006 ..XXX............
007 ....XXXX.........
008 ..O....XX........
009 ..O.....XX.......
010 .........X.......
011 .........XXXXXX..
012 .............XX..
013 .................
014 .................
Piece 1 3:
.**
<got (X): [4, 1]
Plateau 15 17:
    01234567890123456
000 .................
001 .................
002 .................
003 .................
004 .Xxx.............
005 .XXX.............
006 ..XXX............
007 ....XXXX.........
008 ..O....XX........
009 ..O.....XX.......
010 .........X.......
011 .........XXXXXX..
012 .............XX..
013 .................
014 .................
Piece 2 1:
*
*
<got (X): [3, 1]
Plateau 15 17:
    01234567890123456
000 .................
001 .................
002 .................
003 .x...............
004 .xXX.............
005 .XXX.............
006 ..XXX............
007 ....XXXX.........
008 ..O....XX........
009 ..O.....XX.......
010 .........X.......
011 .........XXXXXX..
012 .............XX..
013 .................
014 .................
Piece 2 3:
***
***
<got (X): [2, 0]
Plateau 15 17:
    01234567890123456
000 .................
001 .................
002 xxx..............
003 xxx..............
004 .XXX.............
005 .XXX.............
006 ..XXX............
007 ....XXXX.........
008 ..O....XX........
009 ..O.....XX.......
010 .........X.......
011 .........XXXXXX..
012 .............XX..
013 .................
014 .................
Piece 2 1:
*
*
<got (X): [1, 0]
Plateau 15 17:
    01234567890123456
000 .................
001 x................
002 xXX..............
003 XXX..............
004 .XXX.............
005 .XXX.............
006 ..XXX............
007 ....XXXX.........
008 ..O....XX........
009 ..O.....XX.......
010 .........X.......
011 .........XXXXXX..
012 .............XX..
013 .................
014 .................
Piece 1 2:
**
<got (X): [1, 0]
Plateau 15 17:
    01234567890123456
000 .................
001 xx...............
002 XXX..............
003 XXX..............
004 .XXX.............
005 .XXX.............
006 ..XXX............
007 ....XXXX.........
008 ..O....XX........
009 ..O.....XX.......
010 .........X.......
011 .........XXXXXX..
012 .............XX..
013 .................
014 .................
Piece 1 3:
.**
<got (X): [1, 0]
Plateau 15 17:
    01234567890123456
000 .................
001 Xxx..............
002 XXX..............
003 XXX..............
004 .XXX.............
005 .XXX.............
006 ..XXX............
007 ....XXXX.........
008 ..O....XX........
009 ..O.....XX.......
010 .........X.......
011 .........XXXXXX..
012 .............XX..
013 .................
014 .................
Piece 2 2:
**
..
<got (X): [1, 2]
Plateau 15 17:
    01234567890123456
000 .................
001 XXxx.............
002 XXX..............
003 XXX..............
004 .XXX.............
005 .XXX.............
006 ..XXX............
007 ....XXXX.........
008 ..O....XX........
009 ..O.....XX.......
010 .........X.......
011 .........XXXXXX..
012 .............XX..
013 .................
014 .................
Piece 1 3:
**.
<got (X): [1, 3]
Plateau 15 17:
    01234567890123456
000 .................
001 XXXxx............
002 XXX..............
003 XXX..............
004 .XXX.............
005 .XXX.............
006 ..XXX............
007 ....XXXX.........
008 ..O....XX........
009 ..O.....XX.......
010 .........X.......
011 .........XXXXXX..
012 .............XX..
013 .................
014 .................
Piece 2 2:
.*
**
<got (X): [0, 4]
Plateau 15 17:
    01234567890123456
000 .....x...........
001 XXXXxx...........
002 XXX..............
003 XXX..............
004 .XXX.............
005 .XXX.............
006 ..XXX............
007 ....XXXX.........
008 ..O....XX........
009 ..O.....XX.......
010 .........X.......
011 .........XXXXXX..
012 .............XX..
013 .................
014 .................
Piece 2 3:
...
.**
<got (X): [0, 4]
Plateau 15 17:
    01234567890123456
000 .....X...........
001 XXXXXxx..........
002 XXX..............
003 XXX..............
004 .XXX.............
005 .XXX.............
006 ..XXX............
007 ....XXXX.........
008 ..O....XX........
009 ..O.....XX.......
010 .........X.......
011 .........XXXXXX..
012 .............XX..
013 .................
014 .................
Piece 1 2:
**
<got (X): [0, 4]
Plateau 15 17:
    01234567890123456
000 ....xx...........
001 XXXXXXX..........
002 XXX..............
003 XXX..............
004 .XXX.............
005 .XXX.............
006 ..XXX............
007 ....XXXX.........
008 ..O....XX........
009 ..O.....XX.......
010 .........X.......
011 .........XXXXXX..
012 .............XX..
013 .................
014 .................
Piece 2 3:
*..
*..
<got (X): [0, 0]
Plateau 15 17:
    01234567890123456
000 x...XX...........
001 xXXXXXX..........
002 XXX..............
003 XXX..............
004 .XXX.............
005 .XXX.............
006 ..XXX............
007 ....XXXX.........
008 ..O....XX........
009 ..O.....XX.......
010 .........X.......
011 .........XXXXXX..
012 .............XX..
013 .................
014 .................
Piece 1 2:
**
<got (X): [0, 0]
Plateau 15 17:
    01234567890123456
000 xx..XX...........
001 XXXXXXX..........
002 XXX..............
003 XXX..............
004 .XXX.............
005 .XXX.............
006 ..XXX............
007 ....XXXX.........
008 ..O....XX........
009 ..O.....XX.......
010 .........X.......
011 .........XXXXXX..
012 .............XX..
013 .................
014 .................
Piece 1 3:
.**
<got (X): [0, 0]
Plateau 15 17:
    01234567890123456
000 Xxx.XX...........
001 XXXXXXX..........
002 XXX..............
003 XXX..............
004 .XXX.............
005 .XXX.............
006 ..XXX............
007 ....XXXX.........
008 ..O....XX........
009 ..O.....XX.......
010 .........X.......
011 .........XXXXXX..
012 .............XX..
013 .................
014 .................
Piece 2 1:
*
*
<got (X): [0, 3]
Plateau 15 17:
    01234567890123456
000 XXXxXX...........
001 XXXxXXX..........
002 XXX..............
003 XXX..............
004 .XXX.............
005 .XXX.............
006 ..XXX............
007 ....XXXX.........
008 ..O....XX........
009 ..O.....XX.......
010 .........X.......
011 .........XXXXXX..
012 .............XX..
013 .................
014 .................
Piece 2 2:
*.
*.
<got (X): [0, 6]
Plateau 15 17:
    01234567890123456
000 XXXXXXx..........
001 XXXXXXx..........
002 XXX..............
003 XXX..............
004 .XXX.............
005 .XXX.............
006 ..XXX............
007 ....XXXX.........
008 ..O....XX........
009 ..O.....XX.......
010 .........X.......
011 .........XXXXXX..
012 .............XX..
013 .................
014 .................
Piece 2 2:
*.
**
<got (X): [1, 3]
Plateau 15 17:
    01234567890123456
000 XXXXXXX..........
001 XXXxXXX..........
002 XXXxx............
003 XXX..............
004 .XXX.............
005 .XXX.............
006 ..XXX............
007 ....XXXX.........
008 ..O....XX........
009 ..O.....XX.......
010 .........X.......
011 .........XXXXXX..
012 .............XX..
013 .................
014 .................
Piece 1 3:
***
<got (X): [0, 6]
Plateau 15 17:
    01234567890123456
000 XXXXXXxxx........
001 XXXXXXX..........
002 XXXXX............
003 XXX..............
004 .XXX.............
005 .XXX.............
006 ..XXX............
007 ....XXXX.........
008 ..O....XX........
009 ..O.....XX.......
010 .........X.......
011 .........XXXXXX..
012 .............XX..
013 .................
014 .................
Piece 2 3:
.*.
.**
<got (X): [0, 6]
Plateau 15 17:
    01234567890123456
000 XXXXXXXxX........
001 XXXXXXXxx........
002 XXXXX............
003 XXX..............
004 .XXX.............
005 .XXX.............
006 ..XXX............
007 ....XXXX.........
008 ..O....XX........
009 ..O.....XX.......
010 .........X.......
011 .........XXXXXX..
012 .............XX..
013 .................
014 .................
Piece 2 3:
***
.**
<got (X): [0, 8]
Plateau 15 17:
    01234567890123456
000 XXXXXXXXxxx......
001 XXXXXXXXXxx......
002 XXXXX............
003 XXX..............
004 .XXX.............
005 .XXX.............
006 ..XXX............
007 ....XXXX.........
008 ..O....XX........
009 ..O.....XX.......
010 .........X.......
011 .........XXXXXX..
012 .............XX..
013 .................
014 .................
Piece 2 2:
*.
**
<got (X): [1, 5]
Plateau 15 17:
    01234567890123456
000 XXXXXXXXXXX......
001 XXXXXxXXXXX......
002 XXXXXxx..........
003 XXX..............
004 .XXX.............
005 .XXX.............
006 ..XXX............
007 ....XXXX.........
008 ..O....XX........
009 ..O.....XX.......
010 .........X.......
011 .........XXXXXX..
012 .............XX..
013 .................
014 .................
Piece 2 3:
.**
..*
<got (X): [0, 9]
Plateau 15 17:
    01234567890123456
000 XXXXXXXXXXxx.....
001 XXXXXXXXXXXx.....
002 XXXXXXX..........
003 XXX..............
004 .XXX.............
005 .XXX.............
006 ..XXX............
007 ....XXXX.........
008 ..O....XX........
009 ..O.....XX.......
010 .........X.......
011 .........XXXXXX..
012 .............XX..
013 .................
014 .................
Piece 1 2:
**
<got (X): [0, 11]
Plateau 15 17:
    01234567890123456
000 XXXXXXXXXXXxx....
001 XXXXXXXXXXXX.....
002 XXXXXXX..........
003 XXX..............
004 .XXX.............
005 .XXX.............
006 ..XXX............
007 ....XXXX.........
008 ..O....XX........
009 ..O.....XX.......
010 .........X.......
011 .........XXXXXX..
012 .............XX..
013 .................
014 .................
Piece 2 3:
.**
...
<got (X): [0, 11]
Plateau 15 17:
    01234567890123456
000 XXXXXXXXXXXXxx...
001 XXXXXXXXXXXX.....
002 XXXXXXX..........
003 XXX..............
004 .XXX.............
005 .XXX.............
006 ..XXX............
007 ....XXXX.........
008 ..O....XX........
009 ..O.....XX.......
010 .........X.......
011 .........XXXXXX..
012 .............XX..
013 .................
014 .................
Piece 2 3:
..*
.**
<got (X): [0, 11]
Plateau 15 17:
    01234567890123456
000 XXXXXXXXXXXXXx...
001 XXXXXXXXXXXXxx...
002 XXXXXXX..........
003 XXX..............
004 .XXX.............
005 .XXX.............
006 ..XXX............
007 ....XXXX.........
008 ..O....XX........
009 ..O.....XX.......
010 .........X.......
011 .........XXXXXX..
012 .............XX..
013 .................
014 .................
Piece 2 1:
*
*
<got (X): [1, 7]
Plateau 15 17:
    01234567890123456
000 XXXXXXXXXXXXXX...
001 XXXXXXXxXXXXXX...
002 XXXXXXXx.........
003 XXX..............
004 .XXX.............
005 .XXX.............
006 ..XXX............
007 ....XXXX.........
008 ..O....XX........
009 ..O.....XX.......
010 .........X.......
011 .........XXXXXX..
012 .............XX..
013 .................
014 .................
Piece 2 3:
..*
.**
<got (X): [0, 12]
Plateau 15 17:
    01234567890123456
000 XXXXXXXXXXXXXXx..
001 XXXXXXXXXXXXXxx..
002 XXXXXXXX.........
003 XXX..............
004 .XXX.............
005 .XXX.............
006 ..XXX............
007 ....XXXX.........
008 ..O....XX........
009 ..O.....XX.......
010 .........X.......
011 .........XXXXXX..
012 .............XX..
013 .................
014 .................
Piece 2 1:
*
*
<got (X): [1, 8]
Plateau 15 17:
    01234567890123456
000 XXXXXXXXXXXXXXX..
001 XXXXXXXXxXXXXXX..
002 XXXXXXXXx........
003 XXX..............
004 .XXX.............
005 .XXX.............
006 ..XXX............
007 ....XXXX.........
008 ..O....XX........
009 ..O.....XX.......
010 .........X.......
011 .........XXXXXX..
012 .............XX..
013 .................
014 .................
Piece 1 2:
**
<got (X): [0, 14]
Plateau 15 17:
    01234567890123456
000 XXXXXXXXXXXXXXxx.
001 XXXXXXXXXXXXXXX..
002 XXXXXXXXX........
003 XXX..............
004 .XXX.............
005 .XXX.............
006 ..XXX............
007 ....XXXX.........
008 ..O....XX........
009 ..O.....XX.......
010 .........X.......
011 .........XXXXXX..
012 .............XX..
013 .................
014 .................
Piece 2 2:
..
**
<got (X): [0, 14]
Plateau 15 17:
    01234567890123456
000 XXXXXXXXXXXXXXXX.
001 XXXXXXXXXXXXXXxx.
002 XXXXXXXXX........
003 XXX..............
004 .XXX.............
005 .XXX.............
006 ..XXX............
007 ....XXXX.........
008 ..O....XX........
009 ..O.....XX.......
010 .........X.......
011 .........XXXXXX..
012 .............XX..
013 .................
014 .................
Piece 2 1:
*
*
<got (X): [1, 9]
Plateau 15 17:
    01234567890123456
000 XXXXXXXXXXXXXXXX.
001 XXXXXXXXXxXXXXXX.
002 XXXXXXXXXx.......
003 XXX..............
004 .XXX.............
005 .XXX.............
006 ..XXX............
007 ....XXXX.........
008 ..O....XX........
009 ..O.....XX.......
010 .........X.......
011 .........XXXXXX..
012 .............XX..
013 .................
014 .................
Piece 2 3:
**.
...
<got (X): [2, 9]
Plateau 15 17:
    01234567890123456
000 XXXXXXXXXXXXXXXX.
001 XXXXXXXXXXXXXXXX.
002 XXXXXXXXXxx......
003 XXX..............
004 .XXX.............
005 .XXX.............
006 ..XXX............
007 ....XXXX.........
008 ..O....XX........
009 ..O.....XX.......
010 .........X.......
011 .........XXXXXX..
012 .............XX..
013 .................
014 .................
Piece 1 3:
***
<got (X): [2, 10]
Plateau 15 17:
    01234567890123456
000 XXXXXXXXXXXXXXXX.
001 XXXXXXXXXXXXXXXX.
002 XXXXXXXXXXxxx....
003 XXX..............
004 .XXX.............
005 .XXX.............
006 ..XXX............
007 ....XXXX.........
008 ..O....XX........
009 ..O.....XX.......
010 .........X.......
011 .........XXXXXX..
012 .............XX..
013 .................
014 .................
Piece 1 2:
**
<got (X): [2, 12]
Plateau 15 17:
    01234567890123456
000 XXXXXXXXXXXXXXXX.
001 XXXXXXXXXXXXXXXX.
002 XXXXXXXXXXXXxx...
003 XXX..............
004 .XXX.............
005 .XXX.............
006 ..XXX............
007 ....XXXX.........
008 ..O....XX........
009 ..O.....XX.......
010 .........X.......
011 .........XXXXXX..
012 .............XX..
013 .................
014 .................
Piece 2 2:
**
..
<got (X): [2, 13]
Plateau 15 17:
    01234567890123456
000 XXXXXXXXXXXXXXXX.
001 XXXXXXXXXXXXXXXX.
002 XXXXXXXXXXXXXxx..
003 XXX..............
004 .XXX.............
005 .XXX.............
006 ..XXX............
007 ....XXXX.........
008 ..O....XX........
009 ..O.....XX.......
010 .........X.......
011 .........XXXXXX..
012 .............XX..
013 .................
014 .................
Piece 1 3:
***
<got (X): [3, 2]
Plateau 15 17:
    01234567890123456
000 XXXXXXXXXXXXXXXX.
001 XXXXXXXXXXXXXXXX.
002 XXXXXXXXXXXXXXX..
003 XXxxx............
004 .XXX.............
005 .XXX.............
006 ..XXX............
007 ....XXXX.........
008 ..O....XX........
009 ..O.....XX.......
010 .........X.......
011 .........XXXXXX..
012 .............XX..
013 .................
014 .................
Piece 2 3:
**.
..*
<got (X): [3, 4]
Plateau 15 17:
    01234567890123456
000 XXXXXXXXXXXXXXXX.
001 XXXXXXXXXXXXXXXX.
002 XXXXXXXXXXXXXXX..
003 XXXXxx...........
004 .XXX..x..........
005 .XXX.............
006 ..XXX............
007 ....XXXX.........
008 ..O....XX........
009 ..O.....XX.......
010 .........X.......
011 .........XXXXXX..
012 .............XX..
013 .................
014 .................
Piece 2 2:
*.
*.
<got (X): [2, 6]
Plateau 15 17:
    01234567890123456
000 XXXXXXXXXXXXXXXX.
001 XXXXXXXXXXXXXXXX.
002 XXXXXXxXXXXXXXX..
003 XXXXXXx..........
004 .XXX..X..........
005 .XXX.............
006 ..XXX............
007 ....XXXX.........
008 ..O....XX........
009 ..O.....XX.......
010 .........X.......
011 .........XXXXXX..
012 .............XX..
013 .................
014 .................
Piece 2 2:
**
.*
<got (X): [2, 14]
Plateau 15 17:
    01234567890123456
000 XXXXXXXXXXXXXXXX.
001 XXXXXXXXXXXXXXXX.
002 XXXXXXXXXXXXXXxx.
003 XXXXXXX........x.
004 .XXX..X..........
005 .XXX.............
006 ..XXX............
007 ....XXXX.........
008 ..O....XX........
009 ..O.....XX.......
010 .........X.......
011 .........XXXXXX..
012 .............XX..
013 .................
014 .................
Piece 2 1:
*
*
<got (X): [2, 7]
Plateau 15 17:
    01234567890123456
000 XXXXXXXXXXXXXXXX.
001 XXXXXXXXXXXXXXXX.
002 XXXXXXXxXXXXXXXX.
003 XXXXXXXx.......X.
004 .XXX..X..........
005 .XXX.............
006 ..XXX............
007 ....XXXX.........
008 ..O....XX........
009 ..O.....XX.......
010 .........X.......
011 .........XXXXXX..
012 .............XX..
013 .................
014 .................
Piece 1 3:
.**
<got (X): [3, 6]
Plateau 15 17:
    01234567890123456
000 XXXXXXXXXXXXXXXX.
001 XXXXXXXXXXXXXXXX.
002 XXXXXXXXXXXXXXXX.
003 XXXXXXXxx......X.
004 .XXX..X..........
005 .XXX.............
006 ..XXX............
007 ....XXXX.........
008 ..O....XX........
009 ..O.....XX.......
010 .........X.......
011 .........XXXXXX..
012 .............XX..
013 .................
014 .................
Piece 2 3:
.**
.**
<got (X): [3, 7]
Plateau 15 17:
    01234567890123456
000 XXXXXXXXXXXXXXXX.
001 XXXXXXXXXXXXXXXX.
002 XXXXXXXXXXXXXXXX.
003 XXXXXXXXxx.....X.
004 .XXX..X.xx.......
005 .XXX.............
006 ..XXX............
007 ....XXXX.........
008 ..O....XX........
009 ..O.....XX.......
010 .........X.......
011 .........XXXXXX..
012 .............XX..
013 .................
014 .................
Piece 1 3:
.**
<got (X): [3, 8]
Plateau 15 17:
    01234567890123456
000 XXXXXXXXXXXXXXXX.
001 XXXXXXXXXXXXXXXX.
002 XXXXXXXXXXXXXXXX.
003 XXXXXXXXXxx....X.
004 .XXX..X.XX.......
005 .XXX.............
006 ..XXX............
007 ....XXXX.........
008 ..O....XX........
009 ..O.....XX.......
010 .........X.......
011 .........XXXXXX..
012 .............XX..
013 .................
014 .................
Piece 4 4:
....
....
..**
..**
<got (X): [1, 8]
Plateau 15 17:
    01234567890123456
000 XXXXXXXXXXXXXXXX.
001 XXXXXXXXXXXXXXXX.
002 XXXXXXXXXXXXXXXX.
003 XXXXXXXXXXxx...X.
004 .XXX..X.XXxx.....
005 .XXX.............
006 ..XXX............
007 ....XXXX.........
008 ..O....XX........
009 ..O.....XX.......
010 .........X.......
011 .........XXXXXX..
012 .............XX..
013 .................
014 .................
Piece 1 2:
**
<got (X): [3, 11]
Plateau 15 17:
    01234567890123456
000 XXXXXXXXXXXXXXXX.
001 XXXXXXXXXXXXXXXX.
002 XXXXXXXXXXXXXXXX.
003 XXXXXXXXXXXxx..X.
004 .XXX..X.XXXX.....
005 .XXX.............
006 ..XXX............
007 ....XXXX.........
008 ..O....XX........
009 ..O.....XX.......
010 .........X.......
011 .........XXXXXX..
012 .............XX..
013 .................
014 .................
Piece 2 3:
***
***
<got (X): [3, 12]
Plateau 15 17:
    01234567890123456
000 XXXXXXXXXXXXXXXX.
001 XXXXXXXXXXXXXXXX.
002 XXXXXXXXXXXXXXXX.
003 XXXXXXXXXXXXxxxX.
004 .XXX..X.XXXXxxx..
005 .XXX.............
006 ..XXX............
007 ....XXXX.........
008 ..O....XX........
009 ..O.....XX.......
010 .........X.......
011 .........XXXXXX..
012 .............XX..
013 .................
014 .................
Piece 2 1:
*
*
<got (X): [3, 0]
Plateau 15 17:
    01234567890123456
000 XXXXXXXXXXXXXXXX.
001 XXXXXXXXXXXXXXXX.
002 XXXXXXXXXXXXXXXX.
003 xXXXXXXXXXXXXXXX.
004 xXXX..X.XXXXXXX..
005 .XXX.............
006 ..XXX............
007 ....XXXX.........
008 ..O....XX........
009 ..O.....XX.......
010 .........X.......
011 .........XXXXXX..
012 .............XX..
013 .................
014 .................
Piece 2 2:
**
..
<got (X): [4, 3]
Plateau 15 17:
    01234567890123456
000 XXXXXXXXXXXXXXXX.
001 XXXXXXXXXXXXXXXX.
002 XXXXXXXXXXXXXXXX.
003 XXXXXXXXXXXXXXXX.
004 XXXxx.X.XXXXXXX..
005 .XXX.............
006 ..XXX............
007 ....XXXX.........
008 ..O....XX........
009 ..O.....XX.......
010 .........X.......
011 .........XXXXXX..
012 .............XX..
013 .................
014 .................
Piece 1 2:
**
<got (X): [4, 4]
Plateau 15 17:
    01234567890123456
000 XXXXXXXXXXXXXXXX.
001 XXXXXXXXXXXXXXXX.
002 XXXXXXXXXXXXXXXX.
003 XXXXXXXXXXXXXXXX.
004 XXXXxxX.XXXXXXX..
005 .XXX.............
006 ..XXX............
007 ....XXXX.........
008 ..O....XX........
009 ..O.....XX.......
010 .........X.......
011 .........XXXXXX..
012 .............XX..
013 .................
014 .................
Piece 2 1:
*
*
<got (X): [3, 7]
Plateau 15 17:
    01234567890123456
000 XXXXXXXXXXXXXXXX.
001 XXXXXXXXXXXXXXXX.
002 XXXXXXXXXXXXXXXX.
003 XXXXXXXxXXXXXXXX.
004 XXXXXXXxXXXXXXX..
005 .XXX.............
006 ..XXX............
007 ....XXXX.........
008 ..O....XX........
009 ..O.....XX.......
010 .........X.......
011 .........XXXXXX..
012 .............XX..
013 .................
014 .................
Piece 2 3:
**.
...
<got (X): [5, 0]
Plateau 15 17:
    01234567890123456
000 XXXXXXXXXXXXXXXX.
001 XXXXXXXXXXXXXXXX.
002 XXXXXXXXXXXXXXXX.
003 XXXXXXXXXXXXXXXX.
004 XXXXXXXXXXXXXXX..
005 xxXX.............
006 ..XXX............
007 ....XXXX.........
008 ..O....XX........
009 ..O.....XX.......
010 .........X.......
011 .........XXXXXX..
012 .............XX..
013 .................
014 .................
Piece 2 1:
*
*
<got (X): [3, 15]
Plateau 15 17:
    01234567890123456
000 XXXXXXXXXXXXXXXX.
001 XXXXXXXXXXXXXXXX.
002 XXXXXXXXXXXXXXXX.
003 XXXXXXXXXXXXXXXx.
004 XXXXXXXXXXXXXXXx.
005 XXXX.............
006 ..XXX............
007 ....XXXX.........
008 ..O....XX........
009 ..O.....XX.......
010 .........X.......
011 .........XXXXXX..
012 .............XX..
013 .................
014 .................
Piece 2 3:
*..
*..
<got (X): [4, 4]
Plateau 15 17:
    01234567890123456
000 XXXXXXXXXXXXXXXX.
001 XXXXXXXXXXXXXXXX.
002 XXXXXXXXXXXXXXXX.
003 XXXXXXXXXXXXXXXX.
004 XXXXxXXXXXXXXXXX.
005 XXXXx............
006 ..XXX............
007 ....XXXX.........
008 ..O....XX........
009 ..O.....XX.......
010 .........X.......
011 .........XXXXXX..
012 .............XX..
013 .................
014 .................
Piece 2 2:
**
..
<got (X): [5, 4]
Plateau 15 17:
    01234567890123456
000 XXXXXXXXXXXXXXXX.
001 XXXXXXXXXXXXXXXX.
002 XXXXXXXXXXXXXXXX.
003 XXXXXXXXXXXXXXXX.
004 XXXXXXXXXXXXXXXX.
005 XXXXxx...........
006 ..XXX............
007 ....XXXX.........
008 ..O....XX........
009 ..O.....XX.......
010 .........X.......
011 .........XXXXXX..
012 .............XX..
013 .................
014 .................
Piece 1 3:
***
<got (X): [5, 5]
Plateau 15 17:
    01234567890123456
000 XXXXXXXXXXXXXXXX.
001 XXXXXXXXXXXXXXXX.
002 XXXXXXXXXXXXXXXX.
003 XXXXXXXXXXXXXXXX.
004 XXXXXXXXXXXXXXXX.
005 XXXXXxxx.........
006 ..XXX............
007 ....XXXX.........
008 ..O....XX........
009 ..O.....XX.......
010 .........X.......
011 .........XXXXXX..
012 .............XX..
013 .................
014 .................
Piece 2 1:
*
*
<got (X): [4, 8]
Plateau 15 17:
    01234567890123456
000 XXXXXXXXXXXXXXXX.
001 XXXXXXXXXXXXXXXX.
002 XXXXXXXXXXXXXXXX.
003 XXXXXXXXXXXXXXXX.
004 XXXXXXXXxXXXXXXX.
005 XXXXXXXXx........
006 ..XXX............
007 ....XXXX.........
008 ..O....XX........
009 ..O.....XX.......
010 .........X.......
011 .........XXXXXX..
012 .............XX..
013 .................
014 .................
Piece 2 2:
**
..
<got (X): [5, 8]
Plateau 15 17:
    01234567890123456
000 XXXXXXXXXXXXXXXX.
001 XXXXXXXXXXXXXXXX.
002 XXXXXXXXXXXXXXXX.
003 XXXXXXXXXXXXXXXX.
004 XXXXXXXXXXXXXXXX.
005 XXXXXXXXxx.......
006 ..XXX............
007 ....XXXX.........
008 ..O....XX........
009 ..O.....XX.......
010 .........X.......
011 .........XXXXXX..
012 .............XX..
013 .................
014 .................
Piece 2 3:
**.
.**
<got (X): [5, 9]
Plateau 15 17:
    01234567890123456
000 XXXXXXXXXXXXXXXX.
001 XXXXXXXXXXXXXXXX.
002 XXXXXXXXXXXXXXXX.
003 XXXXXXXXXXXXXXXX.
004 XXXXXXXXXXXXXXXX.
005 XXXXXXXXXxx......
006 ..XXX.....xx.....
007 ....XXXX.........
008 ..O....XX........
009 ..O.....XX.......
010 .........X.......
011 .........XXXXXX..
012 .............XX..
013 .................
014 .................
Piece 2 1:
*
*
<got (X): [4, 11]
Plateau 15 17:
    01234567890123456
000 XXXXXXXXXXXXXXXX.
001 XXXXXXXXXXXXXXXX.
002 XXXXXXXXXXXXXXXX.
003 XXXXXXXXXXXXXXXX.
004 XXXXXXXXXXXxXXXX.
005 XXXXXXXXXXXx.....
006 ..XXX.....XX.....
007 ....XXXX.........
008 ..O....XX........
009 ..O.....XX.......
010 .........X.......
011 .........XXXXXX..
012 .............XX..
013 .................
014 .................
Piece 1 3:
.**
<got (X): [5, 10]
Plateau 15 17:
    01234567890123456
000 XXXXXXXXXXXXXXXX.
001 XXXXXXXXXXXXXXXX.
002 XXXXXXXXXXXXXXXX.
003 XXXXXXXXXXXXXXXX.
004 XXXXXXXXXXXXXXXX.
005 XXXXXXXXXXXxx....
006 ..XXX.....XX.....
007 ....XXXX.........
008 ..O....XX........
009 ..O.....XX.......
010 .........X.......
011 .........XXXXXX..
012 .............XX..
013 .................
014 .................
Piece 4 1:
*
*
*
.
<got (X): [4, 13]
Plateau 15 17:
    01234567890123456
000 XXXXXXXXXXXXXXXX.
001 XXXXXXXXXXXXXXXX.
002 XXXXXXXXXXXXXXXX.
003 XXXXXXXXXXXXXXXX.
004 XXXXXXXXXXXXXxXX.
005 XXXXXXXXXXXXXx...
006 ..XXX.....XX.x...
007 ....XXXX.........
008 ..O....XX........
009 ..O.....XX.......
010 .........X.......
011 .........XXXXXX..
012 .............XX..
013 .................
014 .................
Piece 2 3:
.**
..*
<got (X): [5, 12]
Plateau 15 17:
    01234567890123456
000 XXXXXXXXXXXXXXXX.
001 XXXXXXXXXXXXXXXX.
002 XXXXXXXXXXXXXXXX.
003 XXXXXXXXXXXXXXXX.
004 XXXXXXXXXXXXXXXX.
005 XXXXXXXXXXXXXxx..
006 ..XXX.....XX.Xx..
007 ....XXXX.........
008 ..O....XX........
009 ..O.....XX.......
010 .........X.......
011 .........XXXXXX..
012 .............XX..
013 .................
014 .................
Piece 2 3:
..*
.**
<got (X): [5, 4]
Plateau 15 17:
    01234567890123456
000 XXXXXXXXXXXXXXXX.
001 XXXXXXXXXXXXXXXX.
002 XXXXXXXXXXXXXXXX.
003 XXXXXXXXXXXXXXXX.
004 XXXXXXXXXXXXXXXX.
005 XXXXXXxXXXXXXXX..
006 ..XXXxx...XX.XX..
007 ....XXXX.........
008 ..O....XX........
009 ..O.....XX.......
010 .........X.......
011 .........XXXXXX..
012 .............XX..
013 .................
014 .................
Piece 1 2:
**
<got (X): [5, 14]
Plateau 15 17:
    01234567890123456
000 XXXXXXXXXXXXXXXX.
001 XXXXXXXXXXXXXXXX.
002 XXXXXXXXXXXXXXXX.
003 XXXXXXXXXXXXXXXX.
004 XXXXXXXXXXXXXXXX.
005 XXXXXXXXXXXXXXxx.
006 ..XXXXX...XX.XX..
007 ....XXXX.........
008 ..O....XX........
009 ..O.....XX.......
010 .........X.......
011 .........XXXXXX..
012 .............XX..
013 .................
014 .................
Piece 2 2:
**
..
<got (X): [6, 1]
Plateau 15 17:
    01234567890123456
000 XXXXXXXXXXXXXXXX.
001 XXXXXXXXXXXXXXXX.
002 XXXXXXXXXXXXXXXX.
003 XXXXXXXXXXXXXXXX.
004 XXXXXXXXXXXXXXXX.
005 XXXXXXXXXXXXXXXX.
006 .xxXXXX...XX.XX..
007 ....XXXX.........
008 ..O....XX........
009 ..O.....XX.......
010 .........X.......
011 .........XXXXXX..
012 .............XX..
013 .................
014 .................
Piece 2 3:
.*.
***
<got (X): [5, 7]
Plateau 15 17:
    01234567890123456
000 XXXXXXXXXXXXXXXX.
001 XXXXXXXXXXXXXXXX.
002 XXXXXXXXXXXXXXXX.
003 XXXXXXXXXXXXXXXX.
004 XXXXXXXXXXXXXXXX.
005 XXXXXXXXxXXXXXXX.
006 .XXXXXXxxxXX.XX..
007 ....XXXX.........
008 ..O....XX........
009 ..O.....XX.......
010 .........X.......
011 .........XXXXXX..
012 .............XX..
013 .................
014 .................
Piece 1 2:
**
<got (X): [6, 0]
Plateau 15 17:
    01234567890123456
000 XXXXXXXXXXXXXXXX.
001 XXXXXXXXXXXXXXXX.
002 XXXXXXXXXXXXXXXX.
003 XXXXXXXXXXXXXXXX.
004 XXXXXXXXXXXXXXXX.
005 XXXXXXXXXXXXXXXX.
006 xxXXXXXXXXXX.XX..
007 ....XXXX.........
008 ..O....XX........
009 ..O.....XX.......
010 .........X.......
011 .........XXXXXX..
012 .............XX..
013 .................
014 .................
Piece 2 2:
.*
.*
<got (X): [5, 11]
Plateau 15 17:
    01234567890123456
000 XXXXXXXXXXXXXXXX.
001 XXXXXXXXXXXXXXXX.
002 XXXXXXXXXXXXXXXX.
003 XXXXXXXXXXXXXXXX.
004 XXXXXXXXXXXXXXXX.
005 XXXXXXXXXXXXxXXX.
006 XXXXXXXXXXXXxXX..
007 ....XXXX.........
008 ..O....XX........
009 ..O.....XX.......
010 .........X.......
011 .........XXXXXX..
012 .............XX..
013 .................
014 .................
Piece 2 2:
**
**
<got (X): [6, 14]
Plateau 15 17:
    01234567890123456
000 XXXXXXXXXXXXXXXX.
001 XXXXXXXXXXXXXXXX.
002 XXXXXXXXXXXXXXXX.
003 XXXXXXXXXXXXXXXX.
004 XXXXXXXXXXXXXXXX.
005 XXXXXXXXXXXXXXXX.
006 XXXXXXXXXXXXXXxx.
007 ....XXXX......xx.
008 ..O....XX........
009 ..O.....XX.......
010 .........X.......
011 .........XXXXXX..
012 .............XX..
013 .................
014 .................
Piece 2 2:
*.
.*
<got (X): [6, 0]
Plateau 15 17:
    01234567890123456
000 XXXXXXXXXXXXXXXX.
001 XXXXXXXXXXXXXXXX.
002 XXXXXXXXXXXXXXXX.
003 XXXXXXXXXXXXXXXX.
004 XXXXXXXXXXXXXXXX.
005 XXXXXXXXXXXXXXXX.
006 xXXXXXXXXXXXXXXX.
007 .x..XXXX......XX.
008 ..O....XX........
009 ..O.....XX.......
010 .........X.......
011 .........XXXXXX..
012 .............XX..
013 .................
014 .................
Piece 2 1:
*
*
<got (X): [6, 0]
Plateau 15 17:
    01234567890123456
000 XXXXXXXXXXXXXXXX.
001 XXXXXXXXXXXXXXXX.
002 XXXXXXXXXXXXXXXX.
003 XXXXXXXXXXXXXXXX.
004 XXXXXXXXXXXXXXXX.
005 XXXXXXXXXXXXXXXX.
006 xXXXXXXXXXXXXXXX.
007 xX..XXXX......XX.
008 ..O....XX........
009 ..O.....XX.......
010 .........X.......
011 .........XXXXXX..
012 .............XX..
013 .................
014 .................
Piece 2 2:
.*
**
<got (X): [6, 2]
Plateau 15 17:
    01234567890123456
000 XXXXXXXXXXXXXXXX.
001 XXXXXXXXXXXXXXXX.
002 XXXXXXXXXXXXXXXX.
003 XXXXXXXXXXXXXXXX.
004 XXXXXXXXXXXXXXXX.
005 XXXXXXXXXXXXXXXX.
006 XXXxXXXXXXXXXXXX.
007 XXxxXXXX......XX.
008 ..O....XX........
009 ..O.....XX.......
010 .........X.......
011 .........XXXXXX..
012 .............XX..
013 .................
014 .................
Piece 1 3:
**.
<got (X): [7, 7]
Plateau 15 17:
    01234567890123456
000 XXXXXXXXXXXXXXXX.
001 XXXXXXXXXXXXXXXX.
002 XXXXXXXXXXXXXXXX.
003 XXXXXXXXXXXXXXXX.
004 XXXXXXXXXXXXXXXX.
005 XXXXXXXXXXXXXXXX.
006 XXXXXXXXXXXXXXXX.
007 XXXXXXXxx.....XX.
008 ..O....XX........
009 ..O.....XX.......
010 .........X.......
011 .........XXXXXX..
012 .............XX..
013 .................
014 .................
Piece 2 1:
*
*
<got (X): [6, 9]
Plateau 15 17:
    01234567890123456
000 XXXXXXXXXXXXXXXX.
001 XXXXXXXXXXXXXXXX.
002 XXXXXXXXXXXXXXXX.
003 XXXXXXXXXXXXXXXX.
004 XXXXXXXXXXXXXXXX.
005 XXXXXXXXXXXXXXXX.
006 XXXXXXXXXxXXXXXX.
007 XXXXXXXXXx....XX.
008 ..O....XX........
009 ..O.....XX.......
010 .........X.......
011 .........XXXXXX..
012 .............XX..
013 .................
014 .................
Piece 2 1:
*
*
<got (X): [6, 10]
Plateau 15 17:
    01234567890123456
000 XXXXXXXXXXXXXXXX.
001 XXXXXXXXXXXXXXXX.
002 XXXXXXXXXXXXXXXX.
003 XXXXXXXXXXXXXXXX.
004 XXXXXXXXXXXXXXXX.
005 XXXXXXXXXXXXXXXX.
006 XXXXXXXXXXxXXXXX.
007 XXXXXXXXXXx...XX.
008 ..O....XX........
009 ..O.....XX.......
010 .........X.......
011 .........XXXXXX..
012 .............XX..
013 .................
014 .................
Piece 2 3:
**.
...
<got (X): [7, 10]
Plateau 15 17:
    01234567890123456
000 XXXXXXXXXXXXXXXX.
001 XXXXXXXXXXXXXXXX.
002 XXXXXXXXXXXXXXXX.
003 XXXXXXXXXXXXXXXX.
004 XXXXXXXXXXXXXXXX.
005 XXXXXXXXXXXXXXXX.
006 XXXXXXXXXXXXXXXX.
007 XXXXXXXXXXxx..XX.
008 ..O....XX........
009 ..O.....XX.......
010 .........X.......
011 .........XXXXXX..
012 .............XX..
013 .................
014 .................
Piece 1 2:
**
<got (X): [7, 11]
Plateau 15 17:
    01234567890123456
000 XXXXXXXXXXXXXXXX.
001 XXXXXXXXXXXXXXXX.
002 XXXXXXXXXXXXXXXX.
003 XXXXXXXXXXXXXXXX.
004 XXXXXXXXXXXXXXXX.
005 XXXXXXXXXXXXXXXX.
006 XXXXXXXXXXXXXXXX.
007 XXXXXXXXXXXxx.XX.
008 ..O....XX........
009 ..O.....XX.......
010 .........X.......
011 .........XXXXXX..
012 .............XX..
013 .................
014 .................
Piece 1 3:
.**
<got (X): [7, 11]
Plateau 15 17:
    01234567890123456
000 XXXXXXXXXXXXXXXX.
001 XXXXXXXXXXXXXXXX.
002 XXXXXXXXXXXXXXXX.
003 XXXXXXXXXXXXXXXX.
004 XXXXXXXXXXXXXXXX.
005 XXXXXXXXXXXXXXXX.
006 XXXXXXXXXXXXXXXX.
007 XXXXXXXXXXXXxxXX.
008 ..O....XX........
009 ..O.....XX.......
010 .........X.......
011 .........XXXXXX..
012 .............XX..
013 .................
014 .................
Piece 1 3:
**.
<got (X): [8, 6]
Plateau 15 17:
    01234567890123456
000 XXXXXXXXXXXXXXXX.
001 XXXXXXXXXXXXXXXX.
002 XXXXXXXXXXXXXXXX.
003 XXXXXXXXXXXXXXXX.
004 XXXXXXXXXXXXXXXX.
005 XXXXXXXXXXXXXXXX.
006 XXXXXXXXXXXXXXXX.
007 XXXXXXXXXXXXXXXX.
008 ..O...xxX........
009 ..O.....XX.......
010 .........X.......
011 .........XXXXXX..
012 .............XX..
013 .................
014 .................
Piece 2 2:
**
..
<got (X): [8, 5]
Plateau 15 17:
    01234567890123456
000 XXXXXXXXXXXXXXXX.
001 XXXXXXXXXXXXXXXX.
002 XXXXXXXXXXXXXXXX.
003 XXXXXXXXXXXXXXXX.
004 XXXXXXXXXXXXXXXX.
005 XXXXXXXXXXXXXXXX.
006 XXXXXXXXXXXXXXXX.
007 XXXXXXXXXXXXXXXX.
008 ..O..xxXX........
009 ..O.....XX.......
010 .........X.......
011 .........XXXXXX..
012 .............XX..
013 .................
014 .................
Piece 1 2:
**
<got (X): [8, 4]
Plateau 15 17:
    01234567890123456
000 XXXXXXXXXXXXXXXX.
001 XXXXXXXXXXXXXXXX.
002 XXXXXXXXXXXXXXXX.
003 XXXXXXXXXXXXXXXX.
004 XXXXXXXXXXXXXXXX.
005 XXXXXXXXXXXXXXXX.
006 XXXXXXXXXXXXXXXX.
007 XXXXXXXXXXXXXXXX.
008 ..O.xxXXX........
009 ..O.....XX.......
010 .........X.......
011 .........XXXXXX..
012 .............XX..
013 .................
014 .................
Piece 2 3:
*..
***
<got (X): [7, 9]
Plateau 15 17:
    01234567890123456
000 XXXXXXXXXXXXXXXX.
001 XXXXXXXXXXXXXXXX.
002 XXXXXXXXXXXXXXXX.
003 XXXXXXXXXXXXXXXX.
004 XXXXXXXXXXXXXXXX.
005 XXXXXXXXXXXXXXXX.
006 XXXXXXXXXXXXXXXX.
007 XXXXXXXXXxXXXXXX.
008 ..O.XXXXXxxx.....
009 ..O.....XX.......
010 .........X.......
011 .........XXXXXX..
012 .............XX..
013 .................
014 .................
Piece 2 1:
*
*
<got (X): [7, 0]
Plateau 15 17:
    01234567890123456
000 XXXXXXXXXXXXXXXX.
001 XXXXXXXXXXXXXXXX.
002 XXXXXXXXXXXXXXXX.
003 XXXXXXXXXXXXXXXX.
004 XXXXXXXXXXXXXXXX.
005 XXXXXXXXXXXXXXXX.
006 XXXXXXXXXXXXXXXX.
007 xXXXXXXXXXXXXXXX.
008 x.O.XXXXXXXX.....
009 ..O.....XX.......
010 .........X.......
011 .........XXXXXX..
012 .............XX..
013 .................
014 .................
Piece 2 3:
..*
.**
<got (X): [7, 11]
Plateau 15 17:
    01234567890123456
000 XXXXXXXXXXXXXXXX.
001 XXXXXXXXXXXXXXXX.
002 XXXXXXXXXXXXXXXX.
003 XXXXXXXXXXXXXXXX.
004 XXXXXXXXXXXXXXXX.
005 XXXXXXXXXXXXXXXX.
006 XXXXXXXXXXXXXXXX.
007 XXXXXXXXXXXXXxXX.
008 X.O.XXXXXXXXxx...
009 ..O.....XX.......
010 .........X.......
011 .........XXXXXX..
012 .............XX..
013 .................
014 .................
Piece 2 2:
*.
*.
<got (X): [7, 1]
Plateau 15 17:
    01234567890123456
000 XXXXXXXXXXXXXXXX.
001 XXXXXXXXXXXXXXXX.
002 XXXXXXXXXXXXXXXX.
003 XXXXXXXXXXXXXXXX.
004 XXXXXXXXXXXXXXXX.
005 XXXXXXXXXXXXXXXX.
006 XXXXXXXXXXXXXXXX.
007 XxXXXXXXXXXXXXXX.
008 XxO.XXXXXXXXXX...
009 ..O.....XX.......
010 .........X.......
011 .........XXXXXX..
012 .............XX..
013 .................
014 .................
Piece 2 3:
**.
...
<got (X): [8, 3]
Plateau 15 17:
    01234567890123456
000 XXXXXXXXXXXXXXXX.
001 XXXXXXXXXXXXXXXX.
002 XXXXXXXXXXXXXXXX.
003 XXXXXXXXXXXXXXXX.
004 XXXXXXXXXXXXXXXX.
005 XXXXXXXXXXXXXXXX.
006 XXXXXXXXXXXXXXXX.
007 XXXXXXXXXXXXXXXX.
008 XXOxxXXXXXXXXX...
009 ..O.....XX.......
010 .........X.......
011 .........XXXXXX..
012 .............XX..
013 .................
014 .................
Piece 1 2:
**
<got (X): [8, 13]
Plateau 15 17:
    01234567890123456
000 XXXXXXXXXXXXXXXX.
001 XXXXXXXXXXXXXXXX.
002 XXXXXXXXXXXXXXXX.
003 XXXXXXXXXXXXXXXX.
004 XXXXXXXXXXXXXXXX.
005 XXXXXXXXXXXXXXXX.
006 XXXXXXXXXXXXXXXX.
007 XXXXXXXXXXXXXXXX.
008 XXOXXXXXXXXXXxx..
009 ..O.....XX.......
010 .........X.......
011 .........XXXXXX..
012 .............XX..
013 .................
014 .................
Piece 2 1:
*
*
<got (X): [7, 15]
Plateau 15 17:
    01234567890123456
000 XXXXXXXXXXXXXXXX.
001 XXXXXXXXXXXXXXXX.
002 XXXXXXXXXXXXXXXX.
003 XXXXXXXXXXXXXXXX.
004 XXXXXXXXXXXXXXXX.
005 XXXXXXXXXXXXXXXX.
006 XXXXXXXXXXXXXXXX.
007 XXXXXXXXXXXXXXXx.
008 XXOXXXXXXXXXXXXx.
009 ..O.....XX.......
010 .........X.......
011 .........XXXXXX..
012 .............XX..
013 .................
014 .................
Piece 2 2:
**
..
<got (X): [9, 7]
Plateau 15 17:
    01234567890123456
000 XXXXXXXXXXXXXXXX.
001 XXXXXXXXXXXXXXXX.
002 XXXXXXXXXXXXXXXX.
003 XXXXXXXXXXXXXXXX.
004 XXXXXXXXXXXXXXXX.
005 XXXXXXXXXXXXXXXX.
006 XXXXXXXXXXXXXXXX.
007 XXXXXXXXXXXXXXXX.
008 XXOXXXXXXXXXXXXX.
009 ..O....xxX.......
010 .........X.......
011 .........XXXXXX..
012 .............XX..
013 .................
014 .................
Piece 2 3:
..*
.**
<got (X): [8, 2]
Plateau 15 17:
    01234567890123456
000 XXXXXXXXXXXXXXXX.
001 XXXXXXXXXXXXXXXX.
002 XXXXXXXXXXXXXXXX.
003 XXXXXXXXXXXXXXXX.
004 XXXXXXXXXXXXXXXX.
005 XXXXXXXXXXXXXXXX.
006 XXXXXXXXXXXXXXXX.
007 XXXXXXXXXXXXXXXX.
008 XXOXxXXXXXXXXXXX.
009 ..Oxx..XXX.......
010 .........X.......
011 .........XXXXXX..
012 .............XX..
013 .................
014 .................
Piece 1 3:
**.
<got (X): [9, 4]
Plateau 15 17:
    01234567890123456
000 XXXXXXXXXXXXXXXX.
001 XXXXXXXXXXXXXXXX.
002 XXXXXXXXXXXXXXXX.
003 XXXXXXXXXXXXXXXX.
004 XXXXXXXXXXXXXXXX.
005 XXXXXXXXXXXXXXXX.
006 XXXXXXXXXXXXXXXX.
007 XXXXXXXXXXXXXXXX.
008 XXOXXXXXXXXXXXXX.
009 ..OXxx.XXX.......
010 .........X.......
011 .........XXXXXX..
012 .............XX..
013 .................
014 .................
Piece 2 3:
***
..*
<got (X): [9, 9]
Plateau 15 17:
    01234567890123456
000 XXXXXXXXXXXXXXXX.
001 XXXXXXXXXXXXXXXX.
002 XXXXXXXXXXXXXXXX.
003 XXXXXXXXXXXXXXXX.
004 XXXXXXXXXXXXXXXX.
005 XXXXXXXXXXXXXXXX.
006 XXXXXXXXXXXXXXXX.
007 XXXXXXXXXXXXXXXX.
008 XXOXXXXXXXXXXXXX.
009 ..OXXX.XXxxx.....
010 .........X.x.....
011 .........XXXXXX..
012 .............XX..
013 .................
014 .................
Piece 2 2:
**
..
<got (X): [9, 5]
Plateau 15 17:
    01234567890123456
000 XXXXXXXXXXXXXXXX.
001 XXXXXXXXXXXXXXXX.
002 XXXXXXXXXXXXXXXX.
003 XXXXXXXXXXXXXXXX.
004 XXXXXXXXXXXXXXXX.
005 XXXXXXXXXXXXXXXX.
006 XXXXXXXXXXXXXXXX.
007 XXXXXXXXXXXXXXXX.
008 XXOXXXXXXXXXXXXX.
009 ..OXXxxXXXXX.....
010 .........X.X.....
011 .........XXXXXX..
012 .............XX..
013 .................
014 .................
Piece 1 2:
**
<got (X): [9, 11]
Plateau 15 17:
    01234567890123456
000 XXXXXXXXXXXXXXXX.
001 XXXXXXXXXXXXXXXX.
002 XXXXXXXXXXXXXXXX.
003 XXXXXXXXXXXXXXXX.
004 XXXXXXXXXXXXXXXX.
005 XXXXXXXXXXXXXXXX.
006 XXXXXXXXXXXXXXXX.
007 XXXXXXXXXXXXXXXX.
008 XXOXXXXXXXXXXXXX.
009 ..OXXXXXXXXxx....
010 .........X.X.....
011 .........XXXXXX..
012 .............XX..
013 .................
014 .................
Piece 1 3:
**.
<got (X): [9, 12]
Plateau 15 17:
    01234567890123456
000 XXXXXXXXXXXXXXXX.
001 XXXXXXXXXXXXXXXX.
002 XXXXXXXXXXXXXXXX.
003 XXXXXXXXXXXXXXXX.
004 XXXXXXXXXXXXXXXX.
005 XXXXXXXXXXXXXXXX.
006 XXXXXXXXXXXXXXXX.
007 XXXXXXXXXXXXXXXX.
008 XXOXXXXXXXXXXXXX.
009 ..OXXXXXXXXXxx...
010 .........X.X.....
011 .........XXXXXX..
012 .............XX..
013 .................
014 .................
Piece 2 3:
.**
.*.
<got (X): [9, 12]
Plateau 15 17:
    01234567890123456
000 XXXXXXXXXXXXXXXX.
001 XXXXXXXXXXXXXXXX.
002 XXXXXXXXXXXXXXXX.
003 XXXXXXXXXXXXXXXX.
004 XXXXXXXXXXXXXXXX.
005 XXXXXXXXXXXXXXXX.
006 XXXXXXXXXXXXXXXX.
007 XXXXXXXXXXXXXXXX.
008 XXOXXXXXXXXXXXXX.
009 ..OXXXXXXXXXXxx..
010 .........X.X.x...
011 .........XXXXXX..
012 .............XX..
013 .................
014 .................
Piece 1 3:
.**
<got (X): [9, 13]
Plateau 15 17:
    01234567890123456
000 XXXXXXXXXXXXXXXX.
001 XXXXXXXXXXXXXXXX.
002 XXXXXXXXXXXXXXXX.
003 XXXXXXXXXXXXXXXX.
004 XXXXXXXXXXXXXXXX.
005 XXXXXXXXXXXXXXXX.
006 XXXXXXXXXXXXXXXX.
007 XXXXXXXXXXXXXXXX.
008 XXOXXXXXXXXXXXXX.
009 ..OXXXXXXXXXXXxx.
010 .........X.X.X...
011 .........XXXXXX..
012 .............XX..
013 .................
014 .................
Piece 2 2:
**
.*
<got (X): [11, 8]
Plateau 15 17:
    01234567890123456
000 XXXXXXXXXXXXXXXX.
001 XXXXXXXXXXXXXXXX.
002 XXXXXXXXXXXXXXXX.
003 XXXXXXXXXXXXXXXX.
004 XXXXXXXXXXXXXXXX.
005 XXXXXXXXXXXXXXXX.
006 XXXXXXXXXXXXXXXX.
007 XXXXXXXXXXXXXXXX.
008 XXOXXXXXXXXXXXXX.
009 ..OXXXXXXXXXXXXX.
010 .........X.X.X...
011 ........xxXXXXX..
012 .........x...XX..
013 .................
014 .................
Piece 2 2:
**
**
<got (X): [10, 7]
Plateau 15 17:
    01234567890123456
000 XXXXXXXXXXXXXXXX.
001 XXXXXXXXXXXXXXXX.
002 XXXXXXXXXXXXXXXX.
003 XXXXXXXXXXXXXXXX.
004 XXXXXXXXXXXXXXXX.
005 XXXXXXXXXXXXXXXX.
006 XXXXXXXXXXXXXXXX.
007 XXXXXXXXXXXXXXXX.
008 XXOXXXXXXXXXXXXX.
009 ..OXXXXXXXXXXXXX.
010 .......xxX.X.X...
011 .......xxXXXXXX..
012 .........X...XX..
013 .................
014 .................
Piece 2 3:
*..
*..
<got (X): [8, 0]
Plateau 15 17:
    01234567890123456
000 XXXXXXXXXXXXXXXX.
001 XXXXXXXXXXXXXXXX.
002 XXXXXXXXXXXXXXXX.
003 XXXXXXXXXXXXXXXX.
004 XXXXXXXXXXXXXXXX.
005 XXXXXXXXXXXXXXXX.
006 XXXXXXXXXXXXXXXX.
007 XXXXXXXXXXXXXXXX.
008 xXOXXXXXXXXXXXXX.
009 x.OXXXXXXXXXXXXX.
010 .......XXX.X.X...
011 .......XXXXXXXX..
012 .........X...XX..
013 .................
014 .................
Piece 2 3:
.**
...
<got (X): [10, 5]
Plateau 15 17:
    01234567890123456
000 XXXXXXXXXXXXXXXX.
001 XXXXXXXXXXXXXXXX.
002 XXXXXXXXXXXXXXXX.
003 XXXXXXXXXXXXXXXX.
004 XXXXXXXXXXXXXXXX.
005 XXXXXXXXXXXXXXXX.
006 XXXXXXXXXXXXXXXX.
007 XXXXXXXXXXXXXXXX.
008 XXOXXXXXXXXXXXXX.
009 X.OXXXXXXXXXXXXX.
010 ......xxXX.X.X...
011 .......XXXXXXXX..
012 .........X...XX..
013 .................
014 .................
Piece 1 3:
***
<got (X): [10, 4]
Plateau 15 17:
    01234567890123456
000 XXXXXXXXXXXXXXXX.
001 XXXXXXXXXXXXXXXX.
002 XXXXXXXXXXXXXXXX.
003 XXXXXXXXXXXXXXXX.
004 XXXXXXXXXXXXXXXX.
005 XXXXXXXXXXXXXXXX.
006 XXXXXXXXXXXXXXXX.
007 XXXXXXXXXXXXXXXX.
008 XXOXXXXXXXXXXXXX.
009 X.OXXXXXXXXXXXXX.
010 ....xxxXXX.X.X...
011 .......XXXXXXXX..
012 .........X...XX..
013 .................
014 .................
Piece 2 3:
*..
***
<got (X): [9, 0]
Plateau 15 17:
    01234567890123456
000 XXXXXXXXXXXXXXXX.
001 XXXXXXXXXXXXXXXX.
002 XXXXXXXXXXXXXXXX.
003 XXXXXXXXXXXXXXXX.
004 XXXXXXXXXXXXXXXX.
005 XXXXXXXXXXXXXXXX.
006 XXXXXXXXXXXXXXXX.
007 XXXXXXXXXXXXXXXX.
008 XXOXXXXXXXXXXXXX.
009 x.OXXXXXXXXXXXXX.
010 xxx.XXXXXX.X.X...
011 .......XXXXXXXX..
012 .........X...XX..
013 .................
014 .................
Piece 1 2:
**
<got (X): [9, 0]
Plateau 15 17:
    01234567890123456
000 XXXXXXXXXXXXXXXX.
001 XXXXXXXXXXXXXXXX.
002 XXXXXXXXXXXXXXXX.
003 XXXXXXXXXXXXXXXX.
004 XXXXXXXXXXXXXXXX.
005 XXXXXXXXXXXXXXXX.
006 XXXXXXXXXXXXXXXX.
007 XXXXXXXXXXXXXXXX.
008 XXOXXXXXXXXXXXXX.
009 xxOXXXXXXXXXXXXX.
010 XXX.XXXXXX.X.X...
011 .......XXXXXXXX..
012 .........X...XX..
013 .................
014 .................
Piece 1 2:
**
<got (X): [10, 2]
Plateau 15 17:
    01234567890123456
000 XXXXXXXXXXXXXXXX.
001 XXXXXXXXXXXXXXXX.
002 XXXXXXXXXXXXXXXX.
003 XXXXXXXXXXXXXXXX.
004 XXXXXXXXXXXXXXXX.
005 XXXXXXXXXXXXXXXX.
006 XXXXXXXXXXXXXXXX.
007 XXXXXXXXXXXXXXXX.
008 XXOXXXXXXXXXXXXX.
009 XXOXXXXXXXXXXXXX.
010 XXxxXXXXXX.X.X...
011 .......XXXXXXXX..
012 .........X...XX..
013 .................
014 .................
Piece 2 2:
**
**
<got (X): [10, 14]
Plateau 15 17:
    01234567890123456
000 XXXXXXXXXXXXXXXX.
001 XXXXXXXXXXXXXXXX.
002 XXXXXXXXXXXXXXXX.
003 XXXXXXXXXXXXXXXX.
004 XXXXXXXXXXXXXXXX.
005 XXXXXXXXXXXXXXXX.
006 XXXXXXXXXXXXXXXX.
007 XXXXXXXXXXXXXXXX.
008 XXOXXXXXXXXXXXXX.
009 XXOXXXXXXXXXXXXX.
010 XXXXXXXXXX.X.Xxx.
011 .......XXXXXXXxx.
012 .........X...XX..
013 .................
014 .................
Piece 2 3:
*..
*..
<got (X): [9, 10]
Plateau 15 17:
    01234567890123456
000 XXXXXXXXXXXXXXXX.
001 XXXXXXXXXXXXXXXX.
002 XXXXXXXXXXXXXXXX.
003 XXXXXXXXXXXXXXXX.
004 XXXXXXXXXXXXXXXX.
005 XXXXXXXXXXXXXXXX.
006 XXXXXXXXXXXXXXXX.
007 XXXXXXXXXXXXXXXX.
008 XXOXXXXXXXXXXXXX.
009 XXOXXXXXXXxXXXXX.
010 XXXXXXXXXXxX.XXX.
011 .......XXXXXXXXX.
012 .........X...XX..
013 .................
014 .................
Piece 2 3:
***
...
<got (X): [11, 5]
Plateau 15 17:
    01234567890123456
000 XXXXXXXXXXXXXXXX.
001 XXXXXXXXXXXXXXXX.
002 XXXXXXXXXXXXXXXX.
003 XXXXXXXXXXXXXXXX.
004 XXXXXXXXXXXXXXXX.
005 XXXXXXXXXXXXXXXX.
006 XXXXXXXXXXXXXXXX.
007 XXXXXXXXXXXXXXXX.
008 XXOXXXXXXXXXXXXX.
009 XXOXXXXXXXXXXXXX.
010 XXXXXXXXXXXX.XXX.
011 .....xxxXXXXXXXX.
012 .........X...XX..
013 .................
014 .................
Piece 1 2:
**
<got (X): [10, 11]
Plateau 15 17:
    01234567890123456
000 XXXXXXXXXXXXXXXX.
001 XXXXXXXXXXXXXXXX.
002 XXXXXXXXXXXXXXXX.
003 XXXXXXXXXXXXXXXX.
004 XXXXXXXXXXXXXXXX.
005 XXXXXXXXXXXXXXXX.
006 XXXXXXXXXXXXXXXX.
007 XXXXXXXXXXXXXXXX.
008 XXOXXXXXXXXXXXXX.
009 XXOXXXXXXXXXXXXX.
010 XXXXXXXXXXXxxXXX.
011 .....XXXXXXXXXXX.
012 .........X...XX..
013 .................
014 .................
Piece 2 3:
***
...
<got (X): [11, 3]
Plateau 15 17:
    01234567890123456
000 XXXXXXXXXXXXXXXX.
001 XXXXXXXXXXXXXXXX.
002 XXXXXXXXXXXXXXXX.
003 XXXXXXXXXXXXXXXX.
004 XXXXXXXXXXXXXXXX.
005 XXXXXXXXXXXXXXXX.
006 XXXXXXXXXXXXXXXX.
007 XXXXXXXXXXXXXXXX.
008 XXOXXXXXXXXXXXXX.
009 XXOXXXXXXXXXXXXX.
010 XXXXXXXXXXXXXXXX.
011 ...xxxXXXXXXXXXX.
012 .........X...XX..
013 .................
014 .................
Piece 2 3:
...
.**
<got (X): [10, 1]
Plateau 15 17:
    01234567890123456
000 XXXXXXXXXXXXXXXX.
001 XXXXXXXXXXXXXXXX.
002 XXXXXXXXXXXXXXXX.
003 XXXXXXXXXXXXXXXX.
004 XXXXXXXXXXXXXXXX.
005 XXXXXXXXXXXXXXXX.
006 XXXXXXXXXXXXXXXX.
007 XXXXXXXXXXXXXXXX.
008 XXOXXXXXXXXXXXXX.
009 XXOXXXXXXXXXXXXX.
010 XXXXXXXXXXXXXXXX.
011 ..xxXXXXXXXXXXXX.
012 .........X...XX..
013 .................
014 .................
Piece 2 3:
*..
**.
<got (X): [10, 0]
Plateau 15 17:
    01234567890123456
000 XXXXXXXXXXXXXXXX.
001 XXXXXXXXXXXXXXXX.
002 XXXXXXXXXXXXXXXX.
003 XXXXXXXXXXXXXXXX.
004 XXXXXXXXXXXXXXXX.
005 XXXXXXXXXXXXXXXX.
006 XXXXXXXXXXXXXXXX.
007 XXXXXXXXXXXXXXXX.
008 XXOXXXXXXXXXXXXX.
009 XXOXXXXXXXXXXXXX.
010 xXXXXXXXXXXXXXXX.
011 xxXXXXXXXXXXXXXX.
012 .........X...XX..
013 .................
014 .................
Piece 1 2:
**
<got (X): [12, 8]
Plateau 15 17:
    01234567890123456
000 XXXXXXXXXXXXXXXX.
001 XXXXXXXXXXXXXXXX.
002 XXXXXXXXXXXXXXXX.
003 XXXXXXXXXXXXXXXX.
004 XXXXXXXXXXXXXXXX.
005 XXXXXXXXXXXXXXXX.
006 XXXXXXXXXXXXXXXX.
007 XXXXXXXXXXXXXXXX.
008 XXOXXXXXXXXXXXXX.
009 XXOXXXXXXXXXXXXX.
010 XXXXXXXXXXXXXXXX.
011 XXXXXXXXXXXXXXXX.
012 ........xx...XX..
013 .................
014 .................
Piece 2 2:
.*
.*
<got (X): [11, 0]
Plateau 15 17:
    01234567890123456
000 XXXXXXXXXXXXXXXX.
001 XXXXXXXXXXXXXXXX.
002 XXXXXXXXXXXXXXXX.
003 XXXXXXXXXXXXXXXX.
004 XXXXXXXXXXXXXXXX.
005 XXXXXXXXXXXXXXXX.
006 XXXXXXXXXXXXXXXX.
007 XXXXXXXXXXXXXXXX.
008 XXOXXXXXXXXXXXXX.
009 XXOXXXXXXXXXXXXX.
010 XXXXXXXXXXXXXXXX.
011 XxXXXXXXXXXXXXXX.
012 .x......XX...XX..
013 .................
014 .................
Piece 2 1:
*
*
<got (X): [11, 0]
Plateau 15 17:
    01234567890123456
000 XXXXXXXXXXXXXXXX.
001 XXXXXXXXXXXXXXXX.
002 XXXXXXXXXXXXXXXX.
003 XXXXXXXXXXXXXXXX.
004 XXXXXXXXXXXXXXXX.
005 XXXXXXXXXXXXXXXX.
006 XXXXXXXXXXXXXXXX.
007 XXXXXXXXXXXXXXXX.
008 XXOXXXXXXXXXXXXX.
009 XXOXXXXXXXXXXXXX.
010 XXXXXXXXXXXXXXXX.
011 xXXXXXXXXXXXXXXX.
012 xX......XX...XX..
013 .................
014 .................
Piece 2 2:
..
**
<got (X): [11, 1]
Plateau 15 17:
    01234567890123456
000 XXXXXXXXXXXXXXXX.
001 XXXXXXXXXXXXXXXX.
002 XXXXXXXXXXXXXXXX.
003 XXXXXXXXXXXXXXXX.
004 XXXXXXXXXXXXXXXX.
005 XXXXXXXXXXXXXXXX.
006 XXXXXXXXXXXXXXXX.
007 XXXXXXXXXXXXXXXX.
008 XXOXXXXXXXXXXXXX.
009 XXOXXXXXXXXXXXXX.
010 XXXXXXXXXXXXXXXX.
011 XXXXXXXXXXXXXXXX.
012 Xxx.....XX...XX..
013 .................
014 .................
Piece 2 1:
*
*
<got (X): [11, 3]
Plateau 15 17:
    01234567890123456
000 XXXXXXXXXXXXXXXX.
001 XXXXXXXXXXXXXXXX.
002 XXXXXXXXXXXXXXXX.
003 XXXXXXXXXXXXXXXX.
004 XXXXXXXXXXXXXXXX.
005 XXXXXXXXXXXXXXXX.
006 XXXXXXXXXXXXXXXX.
007 XXXXXXXXXXXXXXXX.
008 XXOXXXXXXXXXXXXX.
009 XXOXXXXXXXXXXXXX.
010 XXXXXXXXXXXXXXXX.
011 XXXxXXXXXXXXXXXX.
012 XXXx....XX...XX..
013 .................
014 .................
Piece 2 3:
.**
.*.
<got (X): [12, 2]
Plateau 15 17:
    01234567890123456
000 XXXXXXXXXXXXXXXX.
001 XXXXXXXXXXXXXXXX.
002 XXXXXXXXXXXXXXXX.
003 XXXXXXXXXXXXXXXX.
004 XXXXXXXXXXXXXXXX.
005 XXXXXXXXXXXXXXXX.
006 XXXXXXXXXXXXXXXX.
007 XXXXXXXXXXXXXXXX.
008 XXOXXXXXXXXXXXXX.
009 XXOXXXXXXXXXXXXX.
010 XXXXXXXXXXXXXXXX.
011 XXXXXXXXXXXXXXXX.
012 XXXxx...XX...XX..
013 ...x.............
014 .................
Piece 2 3:
*.*
.**
<got (X): [12, 3]
Plateau 15 17:
    01234567890123456
000 XXXXXXXXXXXXXXXX.
001 XXXXXXXXXXXXXXXX.
002 XXXXXXXXXXXXXXXX.
003 XXXXXXXXXXXXXXXX.
004 XXXXXXXXXXXXXXXX.
005 XXXXXXXXXXXXXXXX.
006 XXXXXXXXXXXXXXXX.
007 XXXXXXXXXXXXXXXX.
008 XXOXXXXXXXXXXXXX.
009 XXOXXXXXXXXXXXXX.
010 XXXXXXXXXXXXXXXX.
011 XXXXXXXXXXXXXXXX.
012 XXXxXx..XX...XX..
013 ...Xxx...........
014 .................
Piece 1 2:
**
<got (X): [12, 5]
Plateau 15 17:
    01234567890123456
000 XXXXXXXXXXXXXXXX.
001 XXXXXXXXXXXXXXXX.
002 XXXXXXXXXXXXXXXX.
003 XXXXXXXXXXXXXXXX.
004 XXXXXXXXXXXXXXXX.
005 XXXXXXXXXXXXXXXX.
006 XXXXXXXXXXXXXXXX.
007 XXXXXXXXXXXXXXXX.
008 XXOXXXXXXXXXXXXX.
009 XXOXXXXXXXXXXXXX.
010 XXXXXXXXXXXXXXXX.
011 XXXXXXXXXXXXXXXX.
012 XXXXXxx.XX...XX..
013 ...XXX...........
014 .................
Piece 1 2:
**
<got (X): [12, 6]
Plateau 15 17:
    01234567890123456
000 XXXXXXXXXXXXXXXX.
001 XXXXXXXXXXXXXXXX.
002 XXXXXXXXXXXXXXXX.
003 XXXXXXXXXXXXXXXX.
004 XXXXXXXXXXXXXXXX.
005 XXXXXXXXXXXXXXXX.
006 XXXXXXXXXXXXXXXX.
007 XXXXXXXXXXXXXXXX.
008 XXOXXXXXXXXXXXXX.
009 XXOXXXXXXXXXXXXX.
010 XXXXXXXXXXXXXXXX.
011 XXXXXXXXXXXXXXXX.
012 XXXXXXxxXX...XX..
013 ...XXX...........
014 .................
Piece 2 3:
.**
***
<got (X): [12, 8]
Plateau 15 17:
    01234567890123456
000 XXXXXXXXXXXXXXXX.
001 XXXXXXXXXXXXXXXX.
002 XXXXXXXXXXXXXXXX.
003 XXXXXXXXXXXXXXXX.
004 XXXXXXXXXXXXXXXX.
005 XXXXXXXXXXXXXXXX.
006 XXXXXXXXXXXXXXXX.
007 XXXXXXXXXXXXXXXX.
008 XXOXXXXXXXXXXXXX.
009 XXOXXXXXXXXXXXXX.
010 XXXXXXXXXXXXXXXX.
011 XXXXXXXXXXXXXXXX.
012 XXXXXXXXXxx..XX..
013 ...XXX..xxx......
014 .................
Piece 1 2:
**
<got (X): [12, 10]
Plateau 15 17:
    01234567890123456
000 XXXXXXXXXXXXXXXX.
001 XXXXXXXXXXXXXXXX.
002 XXXXXXXXXXXXXXXX.
003 XXXXXXXXXXXXXXXX.
004 XXXXXXXXXXXXXXXX.
005 XXXXXXXXXXXXXXXX.
006 XXXXXXXXXXXXXXXX.
007 XXXXXXXXXXXXXXXX.
008 XXOXXXXXXXXXXXXX.
009 XXOXXXXXXXXXXXXX.
010 XXXXXXXXXXXXXXXX.
011 XXXXXXXXXXXXXXXX.
012 XXXXXXXXXXxx.XX..
013 ...XXX..XXX......
014 .................
Piece 2 1:
*
*
<got (X): [11, 12]
Plateau 15 17:
    01234567890123456
000 XXXXXXXXXXXXXXXX.
001 XXXXXXXXXXXXXXXX.
002 XXXXXXXXXXXXXXXX.
003 XXXXXXXXXXXXXXXX.
004 XXXXXXXXXXXXXXXX.
005 XXXXXXXXXXXXXXXX.
006 XXXXXXXXXXXXXXXX.
007 XXXXXXXXXXXXXXXX.
008 XXOXXXXXXXXXXXXX.
009 XXOXXXXXXXXXXXXX.
010 XXXXXXXXXXXXXXXX.
011 XXXXXXXXXXXXxXXX.
012 XXXXXXXXXXXXxXX..
013 ...XXX..XXX......
014 .................
Piece 2 2:
**
..
<got (X): [12, 14]
Plateau 15 17:
    01234567890123456
000 XXXXXXXXXXXXXXXX.
001 XXXXXXXXXXXXXXXX.
002 XXXXXXXXXXXXXXXX.
003 XXXXXXXXXXXXXXXX.
004 XXXXXXXXXXXXXXXX.
005 XXXXXXXXXXXXXXXX.
006 XXXXXXXXXXXXXXXX.
007 XXXXXXXXXXXXXXXX.
008 XXOXXXXXXXXXXXXX.
009 XXOXXXXXXXXXXXXX.
010 XXXXXXXXXXXXXXXX.
011 XXXXXXXXXXXXXXXX.
012 XXXXXXXXXXXXXXxx.
013 ...XXX..XXX......
014 .................
Piece 2 3:
*..
*..
<got (X): [12, 0]
Plateau 15 17:
    01234567890123456
000 XXXXXXXXXXXXXXXX.
001 XXXXXXXXXXXXXXXX.
002 XXXXXXXXXXXXXXXX.
003 XXXXXXXXXXXXXXXX.
004 XXXXXXXXXXXXXXXX.
005 XXXXXXXXXXXXXXXX.
006 XXXXXXXXXXXXXXXX.
007 XXXXXXXXXXXXXXXX.
008 XXOXXXXXXXXXXXXX.
009 XXOXXXXXXXXXXXXX.
010 XXXXXXXXXXXXXXXX.
011 XXXXXXXXXXXXXXXX.
012 xXXXXXXXXXXXXXXX.
013 x..XXX..XXX......
014 .................
Piece 1 3:
.**
<got (X): [13, 1]
Plateau 15 17:
    01234567890123456
000 XXXXXXXXXXXXXXXX.
001 XXXXXXXXXXXXXXXX.
002 XXXXXXXXXXXXXXXX.
003 XXXXXXXXXXXXXXXX.
004 XXXXXXXXXXXXXXXX.
005 XXXXXXXXXXXXXXXX.
006 XXXXXXXXXXXXXXXX.
007 XXXXXXXXXXXXXXXX.
008 XXOXXXXXXXXXXXXX.
009 XXOXXXXXXXXXXXXX.
010 XXXXXXXXXXXXXXXX.
011 XXXXXXXXXXXXXXXX.
012 XXXXXXXXXXXXXXXX.
013 X.xxXX..XXX......
014 .................
Piece 2 2:
**
..
<got (X): [13, 0]
Plateau 15 17:
    01234567890123456
000 XXXXXXXXXXXXXXXX.
001 XXXXXXXXXXXXXXXX.
002 XXXXXXXXXXXXXXXX.
003 XXXXXXXXXXXXXXXX.
004 XXXXXXXXXXXXXXXX.
005 XXXXXXXXXXXXXXXX.
006 XXXXXXXXXXXXXXXX.
007 XXXXXXXXXXXXXXXX.
008 XXOXXXXXXXXXXXXX.
009 XXOXXXXXXXXXXXXX.
010 XXXXXXXXXXXXXXXX.
011 XXXXXXXXXXXXXXXX.
012 XXXXXXXXXXXXXXXX.
013 xxXXXX..XXX......
014 .................
Piece 1 3:
.**
<got (X): [13, 4]
Plateau 15 17:
    01234567890123456
000 XXXXXXXXXXXXXXXX.
001 XXXXXXXXXXXXXXXX.
002 XXXXXXXXXXXXXXXX.
003 XXXXXXXXXXXXXXXX.
004 XXXXXXXXXXXXXXXX.
005 XXXXXXXXXXXXXXXX.
006 XXXXXXXXXXXXXXXX.
007 XXXXXXXXXXXXXXXX.
008 XXOXXXXXXXXXXXXX.
009 XXOXXXXXXXXXXXXX.
010 XXXXXXXXXXXXXXXX.
011 XXXXXXXXXXXXXXXX.
012 XXXXXXXXXXXXXXXX.
013 XXXXXxx.XXX......
014 .................
Piece 2 2:
**
..
<got (X): [13, 6]
Plateau 15 17:
    01234567890123456
000 XXXXXXXXXXXXXXXX.
001 XXXXXXXXXXXXXXXX.
002 XXXXXXXXXXXXXXXX.
003 XXXXXXXXXXXXXXXX.
004 XXXXXXXXXXXXXXXX.
005 XXXXXXXXXXXXXXXX.
006 XXXXXXXXXXXXXXXX.
007 XXXXXXXXXXXXXXXX.
008 XXOXXXXXXXXXXXXX.
009 XXOXXXXXXXXXXXXX.
010 XXXXXXXXXXXXXXXX.
011 XXXXXXXXXXXXXXXX.
012 XXXXXXXXXXXXXXXX.
013 XXXXXXxxXXX......
014 .................
Piece 2 3:
...
***
<got (X): [12, 10]
Plateau 15 17:
    01234567890123456
000 XXXXXXXXXXXXXXXX.
001 XXXXXXXXXXXXXXXX.
002 XXXXXXXXXXXXXXXX.
003 XXXXXXXXXXXXXXXX.
004 XXXXXXXXXXXXXXXX.
005 XXXXXXXXXXXXXXXX.
006 XXXXXXXXXXXXXXXX.
007 XXXXXXXXXXXXXXXX.
008 XXOXXXXXXXXXXXXX.
009 XXOXXXXXXXXXXXXX.
010 XXXXXXXXXXXXXXXX.
011 XXXXXXXXXXXXXXXX.
012 XXXXXXXXXXXXXXXX.
013 XXXXXXXXXXxxx....
014 .................
Piece 7 9:
.........
.........
.........
......*..
.....**..
....***..
...**....
<got (X): [0, 0]
== O fin: 1
== X fin: 149
